The system is: Windows - 10.0.19045 - AMD64
Compiling the CXX compiler identification source file "CMakeCXXCompilerId.cpp" succeeded.
Compiler: C:/Program Files/Microsoft Visual Studio/2022/Community/VC/Tools/MSVC/14.32.31326/bin/HostX64/x64/cl.exe 
Build flags: -DQT_QML_DEBUG
Id flags:  

The output was:
0
Оптимизирующий компилятор Microsoft (R) C/C++ версии 19.32.31332 для x64
(C) Корпорация Майкрософт (Microsoft Corporation).  Все права защищены.

CMakeCXXCompilerId.cpp
Microsoft (R) Incremental Linker Version 14.32.31332.0
Copyright (C) Microsoft Corporation.  All rights reserved.

/out:CMakeCXXCompilerId.exe 
CMakeCXXCompilerId.obj 


Compilation of the CXX compiler identification source "CMakeCXXCompilerId.cpp" produced "CMakeCXXCompilerId.exe"

Compilation of the CXX compiler identification source "CMakeCXXCompilerId.cpp" produced "CMakeCXXCompilerId.obj"

The CXX compiler identification is MSVC, found in "C:/For project qt/Practice/CppPractice/build-Task1-Desktop_Qt_6_4_3_MSVC2019_64bit-Debug/CMakeFiles/3.23.2/CompilerIdCXX/CMakeCXXCompilerId.exe"

Detecting CXX compiler ABI info compiled with the following output:
Change Dir: C:/For project qt/Practice/CppPractice/build-Task1-Desktop_Qt_6_4_3_MSVC2019_64bit-Debug/CMakeFiles/CMakeTmp

Run Build Command(s):C:/PROGRA~1/Microsoft Visual Studio/2022/Community/Common7/IDE/CommonExtensions/Microsoft/CMake/Ninja/ninja.exe cmTC_c55ef && [1/2] Building CXX object CMakeFiles\cmTC_c55ef.dir\CMakeCXXCompilerABI.cpp.obj
Примечание: включение файла:  C:\Qt\Tools\CMake_64\share\cmake-3.23\Modules\CMakeCompilerABI.h
[2/2] Linking CXX executable cmTC_c55ef.exe



Performing C++ SOURCE FILE Test HAVE_STDATOMIC succeeded with the following output:
Change Dir: C:/For project qt/Practice/CppPractice/build-Task1-Desktop_Qt_6_4_3_MSVC2019_64bit-Debug/CMakeFiles/CMakeTmp

Run Build Command(s):C:/PROGRA~1/Microsoft Visual Studio/2022/Community/Common7/IDE/CommonExtensions/Microsoft/CMake/Ninja/ninja.exe cmTC_e9579 && [1/2] Building CXX object CMakeFiles\cmTC_e9579.dir\src.cxx.obj
Примечание: включение файла:  C:\Program Files\Microsoft Visual Studio\2022\Community\VC\Tools\MSVC\14.32.31326\include\atomic
Примечание: включение файла:   C:\Program Files\Microsoft Visual Studio\2022\Community\VC\Tools\MSVC\14.32.31326\include\yvals.h
Примечание: включение файла:    C:\Program Files\Microsoft Visual Studio\2022\Community\VC\Tools\MSVC\14.32.31326\include\yvals_core.h
Примечание: включение файла:     C:\Program Files\Microsoft Visual Studio\2022\Community\VC\Tools\MSVC\14.32.31326\include\vcruntime.h
Примечание: включение файла:      C:\Program Files\Microsoft Visual Studio\2022\Community\VC\Tools\MSVC\14.32.31326\include\sal.h
Примечание: включение файла:       C:\Program Files\Microsoft Visual Studio\2022\Community\VC\Tools\MSVC\14.32.31326\include\concurrencysal.h
Примечание: включение файла:      C:\Program Files\Microsoft Visual Studio\2022\Community\VC\Tools\MSVC\14.32.31326\include\vadefs.h
Примечание: включение файла:     C:\Program Files\Microsoft Visual Studio\2022\Community\VC\Tools\MSVC\14.32.31326\include\xkeycheck.h
Примечание: включение файла:    C:\Program Files (x86)\Windows Kits\10\include\10.0.19041.0\ucrt\crtdbg.h
Примечание: включение файла:     C:\Program Files (x86)\Windows Kits\10\include\10.0.19041.0\ucrt\corecrt.h
Примечание: включение файла:     C:\Program Files\Microsoft Visual Studio\2022\Community\VC\Tools\MSVC\14.32.31326\include\vcruntime_new_debug.h
Примечание: включение файла:      C:\Program Files\Microsoft Visual Studio\2022\Community\VC\Tools\MSVC\14.32.31326\include\vcruntime_new.h
Примечание: включение файла:    C:\Program Files\Microsoft Visual Studio\2022\Community\VC\Tools\MSVC\14.32.31326\include\crtdefs.h
Примечание: включение файла:    C:\Program Files\Microsoft Visual Studio\2022\Community\VC\Tools\MSVC\14.32.31326\include\use_ansi.h
Примечание: включение файла:   C:\Program Files\Microsoft Visual Studio\2022\Community\VC\Tools\MSVC\14.32.31326\include\cstddef
Примечание: включение файла:    C:\Program Files (x86)\Windows Kits\10\include\10.0.19041.0\ucrt\stddef.h
Примечание: включение файла:    C:\Program Files\Microsoft Visual Studio\2022\Community\VC\Tools\MSVC\14.32.31326\include\xtr1common
Примечание: включение файла:   C:\Program Files\Microsoft Visual Studio\2022\Community\VC\Tools\MSVC\14.32.31326\include\cstdint
Примечание: включение файла:    C:\Program Files\Microsoft Visual Studio\2022\Community\VC\Tools\MSVC\14.32.31326\include\stdint.h
Примечание: включение файла:   C:\Program Files\Microsoft Visual Studio\2022\Community\VC\Tools\MSVC\14.32.31326\include\cstring
Примечание: включение файла:    C:\Program Files (x86)\Windows Kits\10\include\10.0.19041.0\ucrt\string.h
Примечание: включение файла:     C:\Program Files (x86)\Windows Kits\10\include\10.0.19041.0\ucrt\corecrt_memory.h
Примечание: включение файла:      C:\Program Files (x86)\Windows Kits\10\include\10.0.19041.0\ucrt\corecrt_memcpy_s.h
Примечание: включение файла:       C:\Program Files (x86)\Windows Kits\10\include\10.0.19041.0\ucrt\errno.h
Примечание: включение файла:       C:\Program Files\Microsoft Visual Studio\2022\Community\VC\Tools\MSVC\14.32.31326\include\vcruntime_string.h
Примечание: включение файла:     C:\Program Files (x86)\Windows Kits\10\include\10.0.19041.0\ucrt\corecrt_wstring.h
Примечание: включение файла:   C:\Program Files\Microsoft Visual Studio\2022\Community\VC\Tools\MSVC\14.32.31326\include\xatomic.h
Примечание: включение файла:    C:\Program Files\Microsoft Visual Studio\2022\Community\VC\Tools\MSVC\14.32.31326\include\intrin0.h
Примечание: включение файла:     C:\Program Files\Microsoft Visual Studio\2022\Community\VC\Tools\MSVC\14.32.31326\include\intrin0.inl.h
Примечание: включение файла:    C:\Program Files\Microsoft Visual Studio\2022\Community\VC\Tools\MSVC\14.32.31326\include\type_traits
Примечание: включение файла:     C:\Program Files\Microsoft Visual Studio\2022\Community\VC\Tools\MSVC\14.32.31326\include\xstddef
Примечание: включение файла:      C:\Program Files\Microsoft Visual Studio\2022\Community\VC\Tools\MSVC\14.32.31326\include\cstdlib
Примечание: включение файла:       C:\Program Files (x86)\Windows Kits\10\include\10.0.19041.0\ucrt\math.h
Примечание: включение файла:        C:\Program Files (x86)\Windows Kits\10\include\10.0.19041.0\ucrt\corecrt_math.h
Примечание: включение файла:       C:\Program Files (x86)\Windows Kits\10\include\10.0.19041.0\ucrt\stdlib.h
Примечание: включение файла:        C:\Program Files (x86)\Windows Kits\10\include\10.0.19041.0\ucrt\corecrt_malloc.h
Примечание: включение файла:        C:\Program Files (x86)\Windows Kits\10\include\10.0.19041.0\ucrt\corecrt_search.h
Примечание: включение файла:        C:\Program Files (x86)\Windows Kits\10\include\10.0.19041.0\ucrt\corecrt_wstdlib.h
Примечание: включение файла:        C:\Program Files\Microsoft Visual Studio\2022\Community\VC\Tools\MSVC\14.32.31326\include\limits.h
Примечание: включение файла:      C:\Program Files\Microsoft Visual Studio\2022\Community\VC\Tools\MSVC\14.32.31326\include\initializer_list
Примечание: включение файла:   C:\Program Files\Microsoft Visual Studio\2022\Community\VC\Tools\MSVC\14.32.31326\include\xthreads.h
Примечание: включение файла:    C:\Program Files\Microsoft Visual Studio\2022\Community\VC\Tools\MSVC\14.32.31326\include\climits
Примечание: включение файла:    C:\Program Files\Microsoft Visual Studio\2022\Community\VC\Tools\MSVC\14.32.31326\include\xtimec.h
Примечание: включение файла:     C:\Program Files\Microsoft Visual Studio\2022\Community\VC\Tools\MSVC\14.32.31326\include\ctime
Примечание: включение файла:      C:\Program Files (x86)\Windows Kits\10\include\10.0.19041.0\ucrt\time.h
Примечание: включение файла:       C:\Program Files (x86)\Windows Kits\10\include\10.0.19041.0\ucrt\corecrt_wtime.h
[2/2] Linking CXX executable cmTC_e9579.exe


Source file was:
#include <atomic>
#include <cstdint>

int main(int, char **)
{
    volatile std::atomic<char>    size_1;
    volatile std::atomic<short>   size_2;
    volatile std::atomic<int>     size_4;
    volatile std::atomic<int64_t> size_8;

    ++size_1;
    ++size_2;
    ++size_4;
    ++size_8;

    (void)size_1.load(std::memory_order_relaxed);
    (void)size_2.load(std::memory_order_relaxed);
    (void)size_4.load(std::memory_order_relaxed);
    (void)size_8.load(std::memory_order_relaxed);

    return 0;
}
